Refer: a1_FV1_MP3.mp3
Input: a1_FV1_MP3.mp3
Pinyin Prediction: a
Tone Prediction  : 1
Similarity Score (Cosine): 1.0
***
Refer: a1_FV1_MP3.mp3
Input: a1_MV3_MP3.mp3
Pinyin Prediction: a
Tone Prediction  : 1
Similarity Score (Cosine): 0.8914
***
Refer: a1_FV1_MP3.mp3
Input: a4_FV1_MP3.mp3
Pinyin Prediction: a
Tone Prediction  : 4
Similarity Score (Cosine): 0.6511
***
Refer: a1_FV1_MP3.mp3
Input: zuo4_FV1_MP3.mp3
Pinyin Prediction: zuo
Tone Prediction  : 4
Similarity Score (Cosine): -0.123
***
Refer: a1_FV1_MP3.mp3
Input: zuo4_MV2_MP3.mp3
Pinyin Prediction: zuo
Tone Prediction  : 4
Similarity Score (Cosine): -0.1073
***
Refer: a1_MV3_MP3.mp3
Input: a1_FV1_MP3.mp3
Pinyin Prediction: a
Tone Prediction  : 1
Similarity Score (Cosine): 0.8914
***
Refer: a1_MV3_MP3.mp3
Input: a1_MV3_MP3.mp3
Pinyin Prediction: a
Tone Prediction  : 1
Similarity Score (Cosine): 1.0
***
Refer: a1_MV3_MP3.mp3
Input: a4_FV1_MP3.mp3
Pinyin Prediction: a
Tone Prediction  : 4
Similarity Score (Cosine): 0.6529
***
Refer: a1_MV3_MP3.mp3
Input: zuo4_FV1_MP3.mp3
Pinyin Prediction: zuo
Tone Prediction  : 4
Similarity Score (Cosine): -0.1867
***
Refer: a1_MV3_MP3.mp3
Input: zuo4_MV2_MP3.mp3
Pinyin Prediction: zuo
Tone Prediction  : 4
Similarity Score (Cosine): -0.0627
***
Refer: a4_FV1_MP3.mp3
Input: a1_FV1_MP3.mp3
Pinyin Prediction: a
Tone Prediction  : 1
Similarity Score (Cosine): 0.6511
***
Refer: a4_FV1_MP3.mp3
Input: a1_MV3_MP3.mp3
Pinyin Prediction: a
Tone Prediction  : 1
Similarity Score (Cosine): 0.6529
***
Refer: a4_FV1_MP3.mp3
Input: a4_FV1_MP3.mp3
Pinyin Prediction: a
Tone Prediction  : 4
Similarity Score (Cosine): 1.0
***
Refer: a4_FV1_MP3.mp3
Input: zuo4_FV1_MP3.mp3
Pinyin Prediction: zuo
Tone Prediction  : 4
Similarity Score (Cosine): 0.1074
***
Refer: a4_FV1_MP3.mp3
Input: zuo4_MV2_MP3.mp3
Pinyin Prediction: zuo
Tone Prediction  : 4
Similarity Score (Cosine): 0.1527
***
Refer: zuo4_FV1_MP3.mp3
Input: a1_FV1_MP3.mp3
Pinyin Prediction: a
Tone Prediction  : 1
Similarity Score (Cosine): -0.123
***
Refer: zuo4_FV1_MP3.mp3
Input: a1_MV3_MP3.mp3
Pinyin Prediction: a
Tone Prediction  : 1
Similarity Score (Cosine): -0.1867
***
Refer: zuo4_FV1_MP3.mp3
Input: a4_FV1_MP3.mp3
Pinyin Prediction: a
Tone Prediction  : 4
Similarity Score (Cosine): 0.1074
***
Refer: zuo4_FV1_MP3.mp3
Input: zuo4_FV1_MP3.mp3
Pinyin Prediction: zuo
Tone Prediction  : 4
Similarity Score (Cosine): 1.0
***
Refer: zuo4_FV1_MP3.mp3
Input: zuo4_MV2_MP3.mp3
Pinyin Prediction: zuo
Tone Prediction  : 4
Similarity Score (Cosine): 0.9372
***
Refer: zuo4_MV2_MP3.mp3
Input: a1_FV1_MP3.mp3
Pinyin Prediction: a
Tone Prediction  : 1
Similarity Score (Cosine): -0.1073
***
Refer: zuo4_MV2_MP3.mp3
Input: a1_MV3_MP3.mp3
Pinyin Prediction: a
Tone Prediction  : 1
Similarity Score (Cosine): -0.0627
***
Refer: zuo4_MV2_MP3.mp3
Input: a4_FV1_MP3.mp3
Pinyin Prediction: a
Tone Prediction  : 4
Similarity Score (Cosine): 0.1527
***
Refer: zuo4_MV2_MP3.mp3
Input: zuo4_FV1_MP3.mp3
Pinyin Prediction: zuo
Tone Prediction  : 4
Similarity Score (Cosine): 0.9372
***
Refer: zuo4_MV2_MP3.mp3
Input: zuo4_MV2_MP3.mp3
Pinyin Prediction: zuo
Tone Prediction  : 4
Similarity Score (Cosine): 1.0
***
